## ms ##
  3  9  7  2  1  0  0  1  7 10 12 14 14  6 14 13  4 10  5 11  2  4  7  4 10  1 13  5  8 13  5  3  7 13  6  9  5 13 10  4  8 14  3 14 12  2 13  9 12 10  5  6  6  5  2  1  6  1 14 14  6  4  3 14  9  1  0 14  6  2  4  7  9 14  6 13  2  4  7  6  6 13  5 13 10  7 14  1  0 13  8  7 10  3  6  4 11 13  4  2
  7  0  1  1 14  8  0  8  4  7  7 11 12 12  9  7  4  0  1  5 14  1  4  9  4  2  5  7  0  1  1  7  1  3  1  8 11  1  8  7  0  0  3  5 12 12 12  9 13  5  6  4  6  2  5  2  4 10  1  4 12  3  3  5  6  4  5  9 12 14  1 13  6  5  3  4  9  7  5 14  5  3 10  3  5  7  6  9  3 14  5  7  2  0  4  0  5 10  9  9
  1  3 14  7  0  9  3  9  2  8  1 14  3 11  2  0 11  0  1  6  0  6 13  2  7  9 10  4 11 11 13 12 14  5  5 14 14  8  1  8  9  2  7 12  5 10 13  1 10  6 14 10 13  4  5 12 14  7  8 10  3 13  8  3  3 13  2  3  6  3 11  7 12  4  5 10 14 10  3  1  1  3  4  6  7  1 10  6  8  3  9 11  9  2 14 12  7  9  0  5
  4  4 13  2  8 10  4 14 12  7  7  5  2 11  4 10 12 14  8  5 10  9  9  4  3  8  8 10  9  1  8 14  5 13  8  5  8 12 11 12 11 10  2 14  7  6  1 11 13  1  9  0 11  3 11 14  3  4  2 13 12 10 12  9  0  5  6  0  9  2 12  5 13 14 11 12 13 12  0  3 14  9  3  2  4 14  1  8 10 10 13  0 12 10  9 12  7  1 12  1
 10  9  6  0  1  3  4  6  7  5  9  6 14  4  0  4 10  2  4 12  4  2 12  2  4 14 14 11  0  4 12  2  5 10  3 13  5  7  4 13 12  5 11  4  1 12  0  3  6  4  1 10 13  5 12  2  4  4 13 11  8  2 14  5 12  2  4  3  1  8  1 14  6  4  3  7  1 10  3  7 14  4  3 12  9  7 14  6 11  4  2 11  6  1  2 10  3  6 13  5
  6  6 11 12 11  6 12 12  1  0 12  7 11  0  4 12 14 10  3 11  6  6 14 12  7  1  7  3 14 13  0  6 11  3 10  7  9 14 12  2  6  9  9  9  1  5  7  0  7 10  3 13  8 10  2  1  3  1 11  3  6  3  1  3  6  3 10  7 10 14  9  1  0 10 11  1  7 10  9 14  5  4  4 14 14 13  7 10 14 10 13  6 13  6  1  4  9  3 11 11
  3 12 13  3  7  1 12 14 11 13  5  8  2  9 14  9 14  6 11 13  8  9 11  6  7  4  2  8  8  5  5 11  2 10  6  1 11  3  7 14  8 12  7  3 13  7 12 12  5  8  3 14  9  6 12  8 11  0  1 11  5  6  7  0  8  5  8  4  1  1  3  9  5  3 12 11  2  1  0  7  1 10 13 10  2 11 10  5 11 12  1  8 10  0  0  4 12  9  0 13
  2 11  0 14 14 12 10  1 14 11  0  7 13 14 10  0 10  5 12 13  9  5 13  5 12 14  1 10  0  1  8  2 12  8  1  3 13 12 11  4  0 12 11 13 11  6  6  6 12 10 11 13  1  9  3 13  8  4  8  8 13  9  2  2  9  4  6  7  8  2  3  0  6  0  5  2 13  3  0  2 14 11  1  7 13  4  5 13  1  6 14  6  7  1  0  1 12  6  1 12
  1  4 12 14  4 10  2 10 13  2 12  4  6 13 11  4 10  9  9  3  7  8  1 14 10  1  0 14  0  1 12  8 13  1  7  9 11  1  4  2 11  9  6  2 14 10 13  1  4  7 11 11  8 12 10  3  6  2  2  6 11  6  6  1  8 13 10  4  7  7 13  3  1  5  5  0  7 10  2 11  9 13 14  2  3  1 12  1 10  7  7 13 13  5 14  6 10 10  3  2
  2  1  5  3 13  2 10  5 12  4  8 14 10 14  1 13  7  6 14  3 13 13  1 11 10  1 10  5  3  5  8  5 13 13  0 12  8  2  9  5  7 10 11  2  1  5  7  9 11 13 12  9  3  5 12 13 13 14  3  1  4 11 13  3  2  5  7 10  8  8  7  0 10  4  9 12  1  1  6 12  6 10 13  9  7  2  7  6  2 10 14 13 14  5  8  1 10  0  3 10
  9  2  2 11 13 11  8 14  4  6  3 10  1  1  4  1 11  3 14  5 14 13  3  5 10 12 13  6  4  1  8  5  3 11  2  2  7 10  8  4  2 12 14 10  5 11 11  1 14 10  6  5  1  2 10 11 14  8  9 10  1  3  1 12 14  3  6 13  5 14  2 14  3  9 10  9 12 13  2 11  1  9  2  9 11  4 12  2  5  7 12  6  2  5 10  8  8  1  6 14
  8  1  5 11  2  0  5 14  6  8  2 14  9 11  0 12  1 12  6 13  4 10  4  6  1  0 14  1  8 13  0  1  6 13 13  8  5 10 14 11 10  1  2  4 13  2  8  6  0 14  4 11 10  0  3  3  7  9  4  1 14 12  9  5 10 14  5  0 10  4  4 12 13  6  9  3  1  2  9  1  9  5 12 11  5  7 14 13  9  3  6  8  0  0  6 10  0  3  3  2
  8  7  6 13 13  0  1 14  3  2  7  4  7 12  0  4  4 14  2  5  9  0  6 10  8 12 12  8  0  0  2  0 14  8 13 13  1  6  4 11  8  4  0  7  1  0 12 12  6  6  3  0  7  9 10  0 13  0  0 13  7  9  6  7  9  4  5 10  3  1  6 11  5  6 11 13 13  8 11  4 14 14  5  6  8  7 13  6 14 13 11  7  7  2 14  2 14 11 12  2
 12 11  5 10  9  1  8  0  1  4  4  1 10  1 14 10  1 13  8  0 11  5  7 11 14  6 13  5  9  2  7 14  5  5  9  0 13  9  0  0  6 11  1  8  5  0  4  6  5 12 13  2  9  6  5  1  4 10  6  6 12  6  5 10  3  6  2  1  0  9  1 13 12  9  7  2  2  3  0  7  7 14  1  2 12  6 10  8  1  1 14  6 14  4  8  2 10 10  4  3
  4 12  8  1 14  7 11  1 10 11  0  3  2  2 12 14  0  7  0  2  0 14  0  7 11  8  9  6 10  5  1 14 10  2  7  9  9  3  2  5  7  2  0  9  4 12  1 12 11  1 14  3  0  6  2 11  6  4 10  1  9  3  0 11  5 14 12  7 10 14  4  2  9  4  3 13  8  4  2 11  5  1  6 13 14  9  1  5 13  3  6 14  7 13 11  4  5  8 11  0
  0  7  2  9 11  5 14 11  2  2  7 14 10 14 12  2  0  6  7 13  9  6 12  8 11  0  5  1  1  1  8  1  1  2  2 12  0  1  9  2 10  8  1  6 14  6  8 14 12  7 12  6 13  2  0  2  2  5 10 10 13  4 11 14  6 13  4  6  7  5  8  2 13  2  0  5  8  0  4  5  8  9 11 13 11  3  0  5  0  3  1  6  7  4  5  5 10  1 12  2
  6 12 11 12 14  4  2 14  4 13  4 12  7  8  3  3 11 10  1  4 13  2 10  5  6  7 11  1  9  0 10  7 12 14 11  4  3  5  3  7  4  0 12 11  8  0  7 11 10  8  0  9 10  2  6  8 10  9  2 11  9 12 10 14 11  7 10 14 12  5 14  1  5 11  5  5 11 12  2 13  5  9  7  0 12  6  0 14  0  2 10  2  0  5  8  3  4  3 10  9
  0  9 10  6 12  7  3  0  4  5 13  9  0 13  1  4 11  2  3 11 11  5  5  3  2 13  7  7  8  9  1  1  3  3  7  7 11 10  7  7  8 12  2  0 10 10 11  6  4 14 10  1 11  7  4 13 13  3  5  6 12 13 14  7  9  6 14 12  9 13  4  9 11 13  1 13  1 12  5  5 11  7 13  7 14 10 12 12 13  3 11  3  8 10 10  9  9  2  6 10
  0  3 11 11  8 12 10  9  9  7  7  5  6 12  4  5 14  1 10 13 11 13  8 12  8  3  6  9 12  5  4 13  0  7  1  8  4 11 10 13 10  9 10  1 13 14  7 13  8  9  3 11  7 11  8  7  6  7  2  4 12 13  2 12  6  3 12 10  7  7  9  2  8  4  4  7 11  3  5 11  4  8  7 11  4  8  3  2  0 12  6  4 11  8  1  9  4  5  4 11
 13  5  5 13  2  1  5  5  4 10  8  0 10  0 11  6  0  7  9  7  4  7 11  7  1  4  1 12 10 13  0  0  3  5 13 12  7 11  2  3 13 10  4  9  3  7  7  3 14  1 11 11  9 14  3  2  4  5  6 14  3  6  6  6  3  4 11  2  7 13 13  6  1  9  0 11  1  7  6  8  1  9  4  2  9  7 11  5 12  2  4  7  0  2  6  3 13  2 13  6
  7 11 12  0  5 12 11 13 11  3  6  4  4  2 13 13 10  9  3 14  3 14  7 10  1 13 14  0  0  4 13  7  0 10  8 12 14 11 10  2 14  9  7  4 11  5  9  6  7  5  6 10  4  5  6 13  3 12  5 10  8  3  2  8 13  2  5  4 14  7  6  5  1 13  1 13 11  3 11 10  8  9 12  4 14 10  2  2  7 14 12  7  2  7  0  7  1 12  3  7
 12 10  5 13  0 13  3  3  1  0 13  1  1 11  6  1  6  0 10  6  0  8 13  9  7  6  9  8  3 12  8  7 14 13  6  0 11  1  3  5  8  9  6 10  5  4 11 11  5  6  2 12  6  8  6 13 14  7 14  9 12  7  2 11 12  0  3  8  1 14 13 10  8 12  5  5  1  8  1  6  6 11  3 13 11  2  3 10  1  9  4 13  8  6 10  5  6  5  6  0
  4 11 10  4  8  7  9 10  7  3  8 13  6  4  3  2 13 14 12 14  8  8  5  2  7  7  7  5 12 13  5  9 10  7 13 10  6  0 12 13 10 13  4  1  9  7  3  7  6  7 13  0  0  3  9 14 10  8  5  0 14  2  9  1  2 14 11  8  6  9  7  1 14 11  2  8 10 12  7  2  4  5  9 12  1 10 11  3  3  8  3  2 11 12  3 13  4  7 13 10
  8  5  4  7  8  6  7 11  4 14  5  0 11 14 12 12  1  1  1  4  9  4 14 12  9  9  2  5  8  1  0  1  6  4  0  7  3  7 10 14  6  0 14 10  6  4  7  7 12  0  3  6  5  2 11  6  4 13 11 12 14  3  6 13  0  6 12  3 14  7  2 12  7  8  7 13  4  7 12  1  7  0  0  4 10 11 10 14  9  6  3  9  2  9 14  2  1 11  5  7
  3 14 11 10 14 11  0  4  3 12 12 10  4 12  0  6  0  2 12 10  9  1 11 11  2 10 13  3  6 10  2  1  1 14 11  0  2  3 11  5  7  1  0 11 13  7 10 14 10  7  1 11  8  4 14 11 14  4  6 12 14  1 13  0  7  1  7  9 11 11 14  3 12  6  6 10  6  1  1  8  9  9  4  9  5  3 12 11 14 11  8 13  4 13  5 11  6  4 12  2
  0  3  5 12  9  4  0  7  5  8  0  6 10 11  8  0  6  5 12  5  8  5 10 12 11  7  0  2 12 12  5 12  0  2  2  2  6  2  9  4  2  2  2 12 13 10 13 12  8 10  2  8  7  5  6  3 12  6 13  9  4 10 14 11 12  1 13 11 10  8  7 12  2  9 10  7 12  8  4 12 10 14  5  2  4  3 13  1  2 11  3 13  6  9  9 10  2  8 13 12
  8  5  9  2  7 11  9  4 11 14  8  6  5  5  1  9  9  6  2  3  2 12  1  0  6  2  2  8  2  1 12  2 13 14  4  5 10 14  1 14  5  9 12 10  0 13 11  1  4  5 11 13  3 12  5  1  6  0 10  9  8 14  3  6 13  8 12  1 14 13  0 11  0 12 13  0  3  1  8 14  6  4  5  9  8  2 11 14  2 13  0 10 12 11  2  3 11  6  4  2
 11  4 13 11  8  3  3 11  4 11  3  2  7  8 12  0 10  0  7  5  5 14  7  9 10  1 12  6  7  1  8  4 12 13  7  6  1 11  9 12 14 12  0  7 12  4  7  0 11  6  5  8  6  4  2  8  6  7  0  5  0  0  1 13  6  9  4 14  5  5 12 11  3  4  3  7  0  3  7  3  9  4 11  7  9  5  1  0 12  8 12 13  0 14  3  6  8  7  6  5
  4 10  1  7  6  5  0  6  0 14  9  9  4 12  2 13  2  3  5  7  3  2 12  3  1  0 10  1 14  8 13  3  3  0  3  9 12 10  7 12  9  1  6 13 13  0  3  7 10  8 14 13  3  3  9 11  3 11 13  9  4 11  5  7  3  8  8  0  3  0  4  4  8  3  3 13  3  6 12  6  7  4 11  2  7  5 13  3  1  3 12 12  7  9 11 10  2  4  3 12
 11  7  2 11  2  5  1 13  3 14  4  2  3  7  4 10 13 10  5  6 13 10  4  5  4  0  8  7 12  3 11  0 10 13 12  5 10 13  3  6 12 14  8  7  6  5 10 11  0  0  3 13 10 14 11  0 14  4 14  3  7  2  4  9  1  1  6  3  6  9  1 11  8  2  3  7  7  5  3 14  6 13 12  8 12  0  0  4 11 14  7 10  9 11 12 10  4  3  5 11
  5  7 14  5  9  2 12  8  8  1  7  6 14 11 14  4  4  0  8  0  6  0  3  0  4  0  2  8  3  0 11  0  7 10  6  8  5  3  8  5 11  7 11  3  3  2  7  7  2  0  0  1  7  3  8 11 10 11 12  5  3  0  6 10 11 12 10  8  0 10 13  4  2  1  7 12  3 14 12  6  6 12 14 13  7  7  2  2 10  6  7 13  6 13  0  9  2  2  2 10
 12  7 14  6  8  6  4 12 12  1 10  3  5  1  1 12  8 10 14 11  1 13  9  0 12  2  1 14  4  4  9  9  3  0  0 12  6 11  1  3 12 11 13  2 12  0 14 12  2  5  0 11  4 10 11  8  4 12 14  8  8  1  9 12  1  2  1  0 13  9  3 11 12  2  5  1  9  5 13  3  2 14 14  6  1 10  6  5  0  6  5  8 14  7 12  0  9  5  0  7
 14 11 10 11  5  1 12 14 13  3  2  0  2  2 14 10  4  5  7  4  3  4  5  2 11  9 10  5  0 10  5 14  6  0  3 11  1  0  2 14  3 12  7 12  6  6 14 10  3  6  7 14 11 12  8 14 13  3  5 13 14  2  5 12  2  8  1 11  0 10  2 11  7  9  0 13  7  0  1 11 13  8 10  1 12  3  1  2 14 13  1 13  0 13  2  9  6 10  5 13
  6  8  9 13  9  2  4  2  9  5  5  7  5  7  1  9  2  9 11  1  7  4  6 14  2  9  8  0  4 14 14  2 14  0  8  8  2 12  2 11  9  7  4  6 14 12  7  2  6  3  3 13  0 10  4  2 11 12  3  7 11  9 10  2  9  3  3 12  7  5  8  1 13  4 14 12  1  6 14 14  1 10  4  1 12  8 11  8  6 14  7  9  0  2 12  9 12  0  6 11
  5  7 12 10 11 11  8  5  9 14  4 11  9  9 12  6  2  8  6  0 14 14 10 14  8 14  1 13  6 14  9 11  6 14 14 10  2  7  0 12 13 11  8  8 12 12  6  0 13  5  0 12 11  2  4  4  1 12  9  7 11 11 11  3 10 10 13  4  9  5  1  7  8  1  7  6 14  6  6 12 11 13  1  7  8 12  3  9  9  5  9 13  1 12  1 11 14  6  0  8
  3  9  7 11 10  0  2  1 13  0  5  9  6 14  8 14  3  3  0  5  8  1  3  9 13 11 12 12  9  5 12 12  6  5  0  1 12  3 10 10 10  0 11  8 14 11 14  3 14  7  8  0  8  3  1 14 14 14 11  8 11  9 12  2  6 12 10  3  7  5  5  3  6  1  3 12 12  3  7  3 10  7  3 10 10  5  9  1 11 13  9  7 14  6  9  5  4  4  0  3
  2  5  6  0  6  2 12 10  5 12 13  7 11  2  2  7  7  4  8 10  2 10  2  1  8  3 13 12 14 13  1  1  3 14  1  1  8  6 11  5  3  9 12  6  3  7 13  2 11 14 12  5  1  6 13  9  9 11 14  9  1  7 10  4  6  4 12  7 10  8 12  5  9 10 11 13  9  2  7 12  8  5  2  9  3  7  3 13  3  2  7  4  9  9  0  8  5 12  0  0
 12  4 12  6  6  1 11  0  3 11  4  3  8 13 12 11  5  0  9  0 10  8  4 11 10 11  4  0  0 11  8 12  1 12 11  7 13 14  0  8 10  4 11 10  3  8  7  8  1  8  9  3  2  5 14  4  9 11  4  9 14  4 14  0  2  2  0  0  1  0  1  4 11 12 14 14 13 13  0 14  7  9  9  9  6  8  5  7 11  9  9 11  6  8 11  8 10  3  0  3
 10  1  7  7  6 14  6  4 12  6  3  4  7 12  5  6 12 10 13  9 12  7  5  3  7  8  3  9  4  3 13 14 12 12  6  3 11 13  7  1 11  2 12 11  6  3  9 10  5  7 11  9  7  1 12  6  2  7  1  6  3  6  5  0  3  4 10  7  9  9  8  5  3  5  8  1  0  2 11  6  2  8  0  9  1  5  7 10  4  8  1  7 14 14 14 10  3  9  2 12
 10  2  9 13 14  3 14  0 12  3 13 14 11  5  0  4  2  8  0  7  1  1  6  8  7  6  3  2  0  5  6 11 14  1  1 13 11  1  5  8  4 10  8  7  8  8 11  2  8 11  1 10  5  8  3 12 14  6  7  6  3 13  9  2 14 11  7  2  4 13 11  0  0 11  7  8 11 10 11  5  7 12  7  4  5  2  8 11  8  0  3  3 14 12  5  5  0 12  8 11
  2 11 11  3 14 10 11 10  6 14  7  5  4 14  9  9  1  9 13  1 10  1  4  1  5  1  6 13  6  6  9  0  2  6  3  1  1  7  4 14 13 11  4  2  3  5 12  4  7 10 13  2  3  9 10  0 11  8 13  9  0  8  9  9  6  5  3 14 12  7 14 10 10 10 13 13  8  2 10  0  4  0  2 14  9  4 14  5 12  5 14 12 13  1 14 11  6  2 10 10
  9  1  5 11 12 10  2  5  4 12  5  0 12 14 14 13 10  6  4  7 11 10 12  1 11 11 12  9 13 14  4 14  8  2 10  5 12  4  2  9  8 14  1  5  5  8 11  0 14  0  7  2  2  4 10  6  7 14  0  5 13  5 11  6 14 14  3 11  3 12 12 12 11 14  9  8  7  5  8 13 12  8  7  0 12  2 13 12  1 13  2  6 10  6  5  9  5  8 13  8
 13  2 12  9  8  7 10  0 12  3  5 10 11 12  2  1  6  0 13  7  5  7  6  8 13 11  9  3 11 14  4  9  2  1 11 10  8  6  3 13  9  0  0 13  5  2 14 11  9 12  4  6  4  2 14  3 13  9 13  9  8  2 11  2  4  7 13 12 13  8 10 14  8  2  4 13  4  3 10  5  7  6 12  4  8 11 14 13 12 12  7 13  0 10  0 11  2 13  0  7
 13  3 14  7  5  3 12 10  7 14  7  6  5  4 10  5  8  9  3  5 14  3 10  6  5 11  2  8  1  2  7  0  5  6 14 11 10 11 13  9 11  5  7  8  2  3 14 10  4  9  7 10  4  3  1 10 14 10 10  7 13  2  7 10  1  6 13  3 10  3  4  6  9 11 14  3  6  5 13 11  7 12  6  3  0  0  5  6 10  0 14  0 10 13 11 11  5  1 14  0
  5  3 13  6  6 12  9 13 10 14  9  2  3  7 12  4  7  3  2  3  3  8  3  5  7  6  1  4  0  7 11  5  2  9  3  9 13 12  7  8  3  8  2  6  0  0  2  0 10 12  3 13  5 13  4 12 12 12  8 12  5  4  9 14 13 12  8  4  1  0  4 11  0  7  2  1 14 12  1  9  9 11 14 14  1 10  4  5  0  4  9  5  9  3 11 14  7  5  3  0
 12  8 11 13  7  6 14 13  3  7 14  4 10 13 10  3  1  6  9  1 11 10 13 12  6  9 11 13  6  7  6  4  7  2  2  6  0  8  4 10  7  3 14  2  8 10 12  1  1 13  2  4  9  7  1  0  9 13  5  0 12 11  4  4  6 13 10  6  6  6  2  5  1  1 14  9  3 12 11  5 10  5  9  4  5 11  4 14  1 10 14 13 13 11  9  4  9 11 11  8
  2 13 13  3  6 13  4 10 10  7  7 12  5  1  9 10  4 13  9 12  0  0  2  6  3 11 10 13 14  6 13  8 11 11 11 10  1  8  5 11  7 12  1 12  5 10  7  2  0  8 14  8  1  2 14  4  5  9  9  5  8  7 13 11  4  2  6  5  2  3  9  9  0  2  7 13 12  6  0 12  7 14  5  8  8 11  4 14 13 14 11 13 13  1  9  9  3  8  0 12
 11  1  7 12  3  6  2  7 12  2  4 11  8  2 11  2 13  1  8  3  7 11  1  5 12 11  0  8  4  7  5  7  0 12 11 10 10 13  2  8  0  6 11  1  0  8 10  6  9  3  9  8  6 11  5  3 14  5  3 10  4  9  2 11 13 14  6  9 12  8  9  5  7  5  6  7 13  1 13 14 11  0  7  2 11 13 12  2 10  1 12  7  2  6  3  0 12 10  1 10
 10  2  7  2  8  5 10 13 13  0  5  9  7  4  3 10  9  7 12  5  8  1  4 10  8 14  3  5  9 11  7 12 14  6 14 14 11  1  4  1  9  9  2  1 14  5 12  8  5  9  5 13  3  1  1 11  1 11  8  2  7  1 14 13 14 14 12 11  7  2  4  1  3  7  3  9  4  7 10  9  1  7  0 11  9  1  7  2  4  1  4  3  9  4  2  8 10  6 11  2
  0  1 11  4  0  6  5  4 13  0 14  6  8 14  3  9  7 10 11  3  3  0  6  4 11  8  5 13  7  1  1  7  9  4  3  9 10  9  6  8  1  5 14  1 11  2 10 10  5  6 13  0 14  4  5 10  5 10  9  4  3  2 11  5  6  7  6  8  8 12  1  9  9  7 11  5 10 13  0  7  5  5  7  4 10 12  6  7  7  7 11  3  1 14  8 14 13 14  7  6
 12  8  8  6  1  4  4  3  2 11 10 14  2  2 10  4  7  2  3  6  1  6  9  3  5  9  2  4  9 10  2 13 10 10 11  3 14  7 13  9  4  0  0 13 10 11  9  2  5 12  8  6 10 10  1  7  4  4 11  5  6  6  3  1  1  7 12  8 14 10  9 10 11  9  8  6  5  9  8  2 13  8  1  8 10  2  1  7 13  4 12  4 10  8 13 12  0 10  5  6
 12  6  2  8  0  2  6 13 12  6  0 10  7  8 11  2 11 12  9  1  1 14 13  4  7 11  8 14 13 13  5 10  4  7 11 11 10  9  9 14  1  2  9  8 10 12  2 13  9  4  0  3  3 13 14  2  1  7  1  6 12  6  8  8 14 11  4  1  6  6  0  7  8  1  7 10 14  1  9  0  5  1 10  8  6  9 10 14  1  3  5 13 10 13  6  1 10 11  9  1
  2  1  0  2  2 14 12  8  7 13  9 13  6  4 13  4  6  1  3  7  4  8  6  6 14 12  7  1  0  8  9  9  9  1 11  4  0  1 12  7 14 13 12 13 10 11  2  1  4  6  8  8  6  6  7  5 11  6 13 11  0  7 13  9  8  9 13  0  2  3  8  2  1 12  7  3  0  9  4  4  0  5  5 14 11 12 11 14  3 10 11 10  2  1 12 11  2  2 11  5
  5 11 14 14  1  6  2  1  0 14  6  8  4  3  7  7  0  3  7 10 13 10 13  8 11 10  4 13 12  7 10 10 11  9  9  4  0  3  5  1  2 11  9 13 14  1  6  6 11  5  9 10  7  7 10 10  2 14  0  6 13 11  1  1  5  2  5  6  6  3 14  8  6  0  7 13  8  5  4  4  2  5  6  9 12  1  4  6  7 11  5 13  7  6  6  5  9  4  3  7
  7  2  0 13  9 14 11  2 11  8 13 13 13  5 14  3 13  3  9 13  0  6 11 14 13  9  4 14 13  7 13  5  1  5  4  2  5  7  4  8  0  3  7  6  0  6  9  5  2 10  3  9  2  6  8  7  1  5 13 14  4 11 12 13  1  8  0 13  0 12  7  8  7  6 14  7 12  0  4  6  2  0  0  4  6  1  3  7 13  1 14  2  4 11  7 13  4  8 11 11
  5 10  4  4  1 10 11  6  2  7 12  5  7  5  9  6  6  5  5 11  6  4  5  3  7 13  1  3 13  4  0 10  0 11 14  8 14  2 14  1  1  4  6  9  9  8  0  7  5  5  3  3  2  8  6  9 13 14  5  3  4 12 13 11  8  4  4 14 13  4  1  0  8 14  9  9 14  1  1  4 13 11  8  0 11  6  2 10  6  7 13 10  4  4  6  4  0  2  4 14
  6 12 14  6 11  0  7  3  1  8 14 14  4  7  0  1 14  9  3 12  1  8  7 12  4  5  1  5  7 12 11  6  9 10  4 13 10 12  1  3 12  7  2  9  0  9  2  6  3  5  3 11  5  2  0  2  7  9  7  6  6  3 12  1  5  9  6  7  6 14 10  3  6 12 12 13 14  6  4  9 11 14 13  9  8 13 11  7  7 10 14 14  5  3  7 10 12  5  9 10
  4  4  6 10  8 10  9  7  2  5  9  5 12  7 14 12  5  2  5  5 12  4 11  2 14 10  4  4  0 13 14  4  2  5  6  3  1  7 10 10  5  4  0  2  3  7 14  9  9 11 14  7  0  2  1  7 12  6 11 12 11 10  1  6  8 14  9  1  7 11 11 12  8 11  6 11 10 12 12  5  9  3 12  1  5  5  0  2  3 11 14  0 14  7  6  7  7  7  8  6
 10 11 10  3 14  1  7 10  5 11  0  6  0  4  0  5  9  0  0 13 12  6  5 11  6  3 10  5 10  3 11  5  6  6  1  5 14  0  0  4 11  7 11  3 11 11  1 13 11  1  3  0 14  8  3  5 11 13 10  6  8  6  3 14  4 11  5  3  3 12  0  7  5 11 10  8 14 11  6  2  4  9 10  4  2 13  9  5 12  5  3  5  3 14  5  8  2  2  3  6
 14  3 13  4  6  8 13  5 12 11  0  1  6 10  5  0  0  0 13 12 12  1 10  0  0  7  0  3  9  4  9  8  7 14 13  6 14  3  3  3 14  3  5 12  5  2  5  6  2  3 10  6  4 12  7 12  4 14  0 13  3  1  7  3  7 12  9  6  0 12 10  6  8  7  4 13  9  1 11  4  4 14 10  0 11  2 12  1  9 12  6 12  5 13  0 12 10  1  4  2
 14  6  9  7 13  5 12 14  6  1  3 10  7 14 10  3  8  0 11  2 12  3  7 10  8 14  7 11  1  3  5  7  1 14  6  6 11 10  6  2 11  9  4  3  0  7 14  9  7  2  3 11 12 10  6  6 10 14  9  3  2 14 10  4  6  8 10  2  3  1  5  0  3  9 10  3  1  1  4  0  4  8 12  1  3  3 14  5  2  8  8 12  0 10  1  6  3  3  8  7
 12 13 14  7  0  1 10  8  3  0  9 14  0  6  7  3  9  7  1  4  7  9  1  7  5  9 13  0 12  7  7  1 12  6  8 12  0  4 13  3 11  7  9 11  5  1  6 14  0  7  3  8  9  4  7  6 13 13  6  3  5  6  4  9  4 13  7  4  9 12  7  5  4  8  8  9 10  6  0  2  6 11 10  0  7 10 13 13  8  4  1  5  2 12 14  7 10 13 11 11
 10 11  8 14  4  8  0  6  0  1  9  6 12  4 13  4  6 11  2 14  7 10  4 10  8  4  2 10  2 13  7 13  9  7  4  6  1  5 12  1 13  6 14 10  3 12  6  9  8  1  1  0 11  5  2 11  1  4  7 11 10  6  1 11  5 12  2  6  2  0 14  7 13 13  9  1 10  1 11 10  9 12 11  5  9  5  9  3 10  8  6 12  6  7  8 11 11  3  3 14
  3  9 13  1  8  8 10 10  1  6  6 10 10  9  7 11 14  1  6  1  9 12 13  0 11  7 12  8  2  7 14  5  1 12 13  1 12  8 12 13  6  3  8  8 12  1  5  3  2  3  5  4  8  3 11  4  2  8  4  4  7 10  1  1  8  0  2  5  0  6  4  7  9  4  7 13  5  4  2  0  8  7 11  1  2  7 12  5  1  2  1  0 12  3  1 12 10 11 10 10
  2  6  9  4 10  2  9  8  6 11  8  6 10 11  7 13  3 12 10 11 14  3 12  3 13  5  1  8  1  3 11 11  9 12  7  4  6  1  4 13  5  4 11  0  0 11  5  4  8  7  0  7  3 12  2  1 10  3 10  3  6 13 14  7 10 13  4  2  0  8  7 12 13 10  4 13  6  2  9 14  9 10 13  4 14  1  6  9 11  8 13 10  6  4  2  8  3  6  2 10
  7  1  7  5 12 11 10  3 13  5  3  0  0  1  4 14  9  2  1  6 10  6  1  8 10  3  2  5  2  4  7  9 13  6 14 10  3  1 13  8  6  8  0 13  2  5  5 11  7  6  2 10 12  3  3 14 14  5 12  1  2  4 10  0 11  1 10  6  2  0 14  1  9  0 14  3 12  4 14 11  2  2  6 14 12 10  6 11  7  3  4  9 14  6  1  2 14  3  8  2
 11  0 10 12  7  9  0 11  6 14  7  8  8  6  0  6  1  6  9  0  1  6  2  0 12  3  3 12 14  3  6 10 10  8  7  2  2  7  5  0 13 13  9  7  4  9  5 12  7  6 12  8 12 14  0  2 10  3  6  9 14 12  4  9  5 11  4 14 10  9  0  8 14  1  0  3  2 12  7  9  4 12  2  8 11  2 10  6 13  1  7 12  5 11 13  2 14  2  9  1
  4  1 10  3  2  2 14  4  0  6 13 11 10  7  4  7  1  0  5 14  8 13  3  6  1  2  8  8 11  9  9  7 10 11 11  4 14  2  0  6  0 13  2 11 12 13  3 14  5  0  5 14 13  9 12  7  3 12  0  6  7  9 14  9 13 10 14 12 12 14 10 12  5  4  8  2  2  3  8  8  4 14 14  9  0 11  1  3  8  1  9  7  3  8  2  1 10  8  5  7
  7  0 12  4 11 12 14 13  1  7 13 12 13  4  6 13  7  8  1  8  1  3  0 11 11  9  4 14  2  9 13  2  1 10  6 12  0  5  3  8  5  8  5  3 13  3  2  5  3 10 13  5 13  6  8  2  0 13  1 10 14 14 12  1  2  3  5  2  9  0  2  6  1  7  9 14 10  3 11 14 14  2 11  4  8 11  6  0  9 14 10  1  6  7  9  8  3 14  2  4
  7  4 10  8  3  4 14 13  8 10  4 14  4  7  3  4  4  2  5  5  1  7  6  7  7  0  7 10  7  9 14  6  5  9 14  8 13  5 14 13  7 10 12 12 10  1  1  6  3 13  3 11  6 10  4 13  2  3  0  1  5 14  7 10  0 13 11  5 10  2  4  3 12  8  0 14  9  8  5  4  7  9  8  5 11  4 10  5  7 10 14 12  9  6  0  9 12 11 14 14
  5 10  2  9  4  9  9  5  3  6  2 10  7 10  7  3 14  2  1 13 12  0 11 13 13  3 14  2 14  5  2 11  1  4  5 12 14 14  9  9  6 11 11  5 13  3  9  4  5  2  3  9  2  6 14  0  9 13  3  0 10  5 11  3  1  1  0  7  8 10  1  6 13 12 11 12  7 12  1  4 14 11 13  1  2 12  9  3  2  4  3 13  1  6  1  2  0  9 10  0
  4  3  6  9  8  9 13  0 14  7 12 13  3  2  7 13  0  1  1  9 12 12  7 13 10  1  0 10 10  2 10  6 13  8  0  6 10  6 13  9 13 10  7  1  5  6  6  5 14  0  6 11 12  6  9 14  7  2 10  9 11 12  7  9 13 14  7  8  5 13  2  3  0  1  5  5  0  3  2 14  3  9 11  0  0 12  0 14  6  2  0  3  6  7  4  4  6 12  4 12
 10 13  0  2  7 12  8  7  1 10  6  4 11  9 12  3 14  4  2  5 13  9  8 11  1  5  8  8  2 12 12  4  3  4  6 10  9  6  9 10  9  0  6  5  2 10  9  1  6  3  6 11 13  7  8  6 12  1  6  6  5  3 10  0  0  8 10  9  7  4 11  1 12  9  6 14  5  7  7  3 11 13  7  1 12  0  7  1  8 14  7  5  9  9  6  9 10  8  3  2
  5 14  3  2  9  9  8  6  2  0  1  5  5  8 13 10  0  5 11  0 11  4  6 13 13  4 14  0 12  3  2  2  9  5 11 10  7  4  8  1 11  2  6  2 10  4 12  3  1  0  3  5  4  1 10 10  5  9 10 10  4  5 12 14 10  1  1  9 12  2 10  9  4  8  3  6  4  7  9 13  7  5  3 12  6 13 14 12 14  1  7  4  6 11 10  9  4 11  3  2
  5 14 11  9 14 14  8 11 13  2  9  5  7  4  9  6  9  8  3  8 10  2 12  8  5  7  2 10 11  6 12  8 12  0 10  3  6  3 14  4  5  8  9  5  4  4 11 13  4  6 14  6  0 11  0 12 11  2  7 14  0 11  7 12 11  2  1  2  5  7  6  3  1  8  0 12  4  3 11  8  1 10  7  8 13  7  5  1  1 13  0  2  9  0  6 13  9 14  0  7
  7 14  2  0  7  9 12 11  4  0 11  5  2  3  5  1  2 10  9 11  0 10 13  2  2 11  0  3  3  7 10  2  6 12  2 13 13  6  1  2 14  5  7  1  0 12  2 10  0 12  6  0 14 11  2  8  7  9 11 10  2 14 12  8 11  6 14  2  5  7  4  4 12  4  5  5  1  0  0  8  4  6  9 10  2  3  3  1 13  6  4  0  5  8  0  9  7 14 11 12
 14  0  8 11  4 13  8 13  5  8  6  9  6  7 11  0  3  6  9  1 13 13  8  3 13  8  4 12  0  0  9 14  8  9 10  4  8 11  9  5  4  8  7  3  0  3  3  3 10 12 11  8  2  4  3  8 13  0  5  5  0  7  4  0  1  6  5  1  2  6  7 14 14 14  2  7  9  5  2  4 10 14  4  4 10  0 12  0  0  3  5  7 10  9  8 11  1  5 13  3
  3 12  2  3 11 11 10  5  2  4  2  4  3  6  8 14 13  6  6 13  9 12 13 11  6 13  7 14 10 12 10 13  9  4  1 12  1  3 10 10  8 12 14  3 10 14  9  1  5  1 14  6 13 12  9 11 10  9  3  5  6 13  4  8  2 12 12 10  8  7  5  8 11 11 11 14 11  6  0  8 14 14  7  4  4  1  7  6 10 10 12  9  8  8  2  3 12 14  5 12
 14 11  5 10  7  2  9 10  0  9  4 14  1 11 10 12  4  2  3  0 13  7  1 13  7  3  8  5  9 14  2  8 10  0 11  9  2 12 12  9 14  1  0  0  4 10  4  8 12  7  0  2  0  1  1  7 11  1  4 13  0 14 13  2  6  9  4  8  7  1  9 13  9  9  5 13 11  9 13  8  1  6  3  8  7  4  8 11 12  4  9 13  3  7  0  1  2  4  9  1
 12 10 14  6  4  4  4  0 13 10  1  6  1  4  0  0  0  8 11 12 12  5  2  8 13  3  9  7 14 11  8  4  6 14 10  3 10  7 10  0  2 11  6  3  7 13  3  7  6  0 12 11 12 14  4 10  2  5  2  9  8  2 13  0  1  0 10  3  7  5  3  9  2  2  4  1  0  0  9 14  7  6 10  4  5  6  0  0 11  9  1  5 12  6 12  5  6  7  9 14
  4  4  0 13  6  5  0 14 12  1 13  4  7  0  0  4  6  7 11  9  2  4  6 14 10  3 11  9  2  5  8  7 10  0  5  8  5 12  7  9 13 12 13  5 12  6  2 10 13  5  5  0 10 11  6 12  7  3  6  1  8  6  8 10  7  6 11  4  3 10 14  2  8  4 14 12 10  1  8  9 14  5  1  9  1  8  6  0  3  5  2  3 11  2 14  3  8  2  8  4
 12 14  6 12  3 12 10  6  6 10  7  5  0  0 14  8  8 12  1  3  2  3  7  6  5 13  9  6  0  9 10 12  0  8  2 11  5  4  9 11  6  1  1  6  1  7  6  2 12  7  5  6  2 12 12  8 10 14  6  2  0  1  7  1  1  9  4  6  5 13 10 11 14  3  9  7 11  0  9  0  0  7 13  2 11 11  2 14  2  8  1  2  1  8 10  2  9 14  1 14
 12 11 10  3 14  4 11  2 12 12  2  4 11  1  6  8  4  1 14  6  9  7  0  3  8  3  5  2  2  6  9  7  9 11  2  9  8 13 11  5  3  6  1  6  7  7  6  3  8  5  1 10 13  1 13  6 11 10  0 14  9  9 13  3 13  0  4  6  6  1  3  9  7  4  7  6  3 14  1 12  4  2 14  9 10  4  0  7 14  8 13  0  2  3 11  0  3  0 13  1
  1  1  2  0  5 10 13  1  9 14 13 13  8  4  8 11  8  0  3 14  8  8  0  3 11 11 10  6 11  9  8  5  2  2 12  0 12 11  1  6  2  6 12  3 10  5 14  3 12  9  9 13  2  9  1  5 12  3  3  9 12  3  6  7  6  3  7  3 14  0 10  9  6  7 12  1  4 11 11  8  5  5  6 14  7  7  4  4 11  7 13  0 11 11 14  9  0  6 12  6
  6 14  0  4 13  4  5  9  0  8  3 12  6  9 11 13  9  7  2 12  7  8  4 10  4  4  4 11 10  1  3  9  8 10 13  6  0 11  1  7  4 11  5  2  5  8  0  6  8  3  3  0  3  8  2 14 12  6 11 14 14 14  8 14  1 14  6  1 10 14  1  6 10 13  9  7  6  1 14  6 11  9  6 14  2  0 14  6  6  2 13 13  1 13 12  9 12 10 11 14
  9  4 13  4  2 14  4  0  0  3  7  4  4  5  3 14  6  9  5  4 11 10  2  4  9  7 14 13  2  2 13 12  6  3  8  8  9  4  8  9  7  7 13  4 13  9  3  4  3  0  8  7 11  3 11  5 10 10  3  4 12  8  1  3  3  2  3 12  6  4 14  6 11  4 10  9 13  5  5  9  5  6  1  8  9 12  5 11  0  1  0  4  9  9  0  5  3  3  2  9
  7  1  7 11  6  9  5 11 14  3  5 12  9 13  5 10 11 11 13  3 12 13  7 13 14  7  3  2  3 13  4 10 14  3 13 12 13  4  9  4 14 14  1  8 13 14  3  1  2  8 11  6  6  3  4 13  3  0  7  6 13 11  8 12  7  7  2  5  3 11  1  2  2  3  2  7  9 12  0 11  5 11  2  3  7 13  1 10 13  9  8  3 12  1  1  4  0 10  1  3
  6  3 12  8 13 14  1  7  3  1 10  8  5 12 12 12 10  5  7  1 14  0  4  4  8 12  8  9  7  2  4 13  5  2 14  3  8  0  2 12  8 12 12 13  9  9  2 11  0  9 12  6  1  9 10 10  6 11 11 14 13  0  4 10  9  3  5 10 10 14 14 11 11 11  1 12 13  4  0 13  5  5 11  7 14 14  9  5 10  5 11  0 12  8  2  7 11  7  9 14
  6  8 10  9 11 11  6  9  7  6 14 13  3  3  5  2  2  6  0  4 11  3  4  0 11 13 14  0 12  8 14  3  8  1  4  5  4 10  6 12  8  6 10  4  9  7  6  3  5 13  7  1  2  3  1 13  1  1 13 13  1  4  8 10  5 12  7 10 14 13  7 14 11  9  3 12  8  2  0 13  0 14  6  2  2 14  8  3  7 13  8  9  3  1 11  0  5  3 10  4
  8  9 11 12 10 14  9 10  8  2  0  9  1 13  3  4 13  3 14 12  2  8 13 12  1  9 12  7  4  0  3  5  1  6  2  4 13 11 14  6 13  0  0  0 13 11 11  3 14 10  1  1 10  6  5  4  1  3  3 12 10  6  2 11  5 11  7  3  8  7  9 13 14  2  5  4 13  8  8 12  4  1  6  6  7 11  2  0  6  5  5  1  4  7  5  9  4 12 12  4
 11  6  9 10  8  0  0 13  8  0 11  4  8  2  3  7 13  5  0 12 11  5 13  0 12 10  1  8  8 13  4  4 11 14  7 12  6 14 10  6  6 13 11 14  7  6 13 13 11 13 10 14  3  8  6  8  4  7  8  4 12 13  0  1  4  7 13 10  6  0  8 12  6  4  3 13  2  2 11  6  0  6  5  4  0  4 12 11 11 12  0  1 10  0  2  6  0  7  8  6
 14  2 11  5 13 14  4  1  1  0  7  9  7 12  5 14  1  2  2  5  6  9 13  2  1  0  0  1 14  9  0 13 11 11  4  9  2  0  2  4  0  9  5 14 14 10  5  7  4 14  4 10  8  2  4  2  9  5  3  0 14 10 14  2  6 10  3  9 10  6  5  2  0 10  9  6 12  6 14  1  6 10  3  6 13  8  8 14  5  4  0  4 14  6 13 13  1  1 14  3
  7  4 12  0  6  6  6 10  5 12  3  3  8  6  1  6 14  2 12  4  6 12  0 12  3 13  2 11  0  1 14 14 12 12 14  3 10  6  5  7  3  8 10  3  0  4  9  6  6  7  3  4 11  3  1  7  9  4  3  1  5 10  0  3 14  7 13  9  5  4  9  8 12 11  4  4  0 13 11  6 12 14 10  1  9  4  8  3  0 11  4 12  6 12  7  5  4  6  7  9
  2  8  9  6  4 13 11 12  4 14 10  8 13  6  1 14  2  9  3  2 13 14 14 11 11  7  9  7  5  8  8 14  1  3  5  5  8  8  9  4 14  5 13 12  3  6 12  5  1  7  7  6  6 13  2 10 12 11  9  2  4  3  1 12 13 14 10  6 14  4 11 14  9  1  3 12  7  7  9  0 14  1  6 13  7  1  0  4 12  9  7  9 12  0  6 10 14  1  9  6
 13  5  5  7 13  8 12  5  1  6  6  7  0  4  5  7  5  5  3 10  0  2 11  4  3  2  7  9 11  1  0  1  6  5  8 11  6 12  1  7  4 14 14 11 11 12 10  1  2 13  3  9  1 14  6 11  9 13 12  5 14 13 13 12 10 13  8  1 11  1  0  7  8  7  3  4  4  5 12 13  3  1  0 11  0  6  7  9  4 12  6 10 10  4 14 12  3 14  6  6
  0 13 13  0  5  8 11  1 13  9  0  8  2  7  5  2 13  4  4  9  1  2 11  3 14 10  8  9  9 14  0  1 12  5  9 10  5  5 11  3 14  3  3  1 10  8 11  0  5  7  1 13  9 12  9  0  7  2  9  8  1  1  2  5  6 11  7 11  1 11  6  8 14 10  1  2 10 12  9  7 11 11  6 13  8  7 13  8  9  8  1  2  1  3  7  0 14  7 11  8
  3 10  1  9 12  2  3  7  7 13  7  3  9 13  1  2  5  7  2  6  0  4  8  8 14  7  8  6 14 12 14  9  7  7  4  4  1  7  3  8  5 10  4  6  0 12  1 12  4  3  3 11  7 11  5 14  4 13 12 10 10 11  5  9 10  9 13 11  8  9 12  6  4  8 12  5  5 13  2 10  2  6 13  1  9  3  0  5  9  4  1 11  0 13 13  2 14  3 14  7
 12  3 13  2 11 11 14  1  9  1  3  3 14  2  5  9 12 12  6 13  2  7  2  9 12  0 12 11  3  3  4  1 13  2 10  9  5  9  2  0  2 13 10  2  7  0  3  4  5  1 10 14  9 12  8  6 12 12  3  0  7 14  1 12  1  3  6 14 12  1  6  0 14  1  9  6  9  4  2 14  5 12  5  6  9  5  5 13 10  0 14  2 14  7  0  7 11 13  6  0
 14 12  0  5 14  1 11  8  5 14 14  3  3  4  9  5  1 14  3 11 14  9  6  5  9 13 13 12 11 11 12  3  9  5  8  0  6 12  0  4 11 14  7  6 10  1 11 11  8  7  0 14  8  6  5  2  4  3 14  7  6 12 10  0  9 11  0  0  8  0 11 11  6  3  2  8 12  6 12  5  5 12 11 13  3  1  1 14 11  7  6  3  4  2  3  5 13 11 13 13
  3  9  9 10 13  3 10  2  9  7 14 14  4 10 13 14 12  6 13  0 13  5  3 10 14 14  0  4 10 13  9  5  8  3  7 13  6  3  0  8 10  6  7  7  1 12  6  5  3 12  6  2  9  9 12  0  8  4 11 10  3  5  1  3  8  0  1  6  3  8 14 14 14 14 13  0  3 11  6  7  8  4  1  9 13  5  9 14  9 12  1 12  2  9  0  2 10  8  9 13
 93279217 62 31  0  0 31217310372434434186434403124310155341 62124217124310 31403155248403155 93217403186279155403310124248434 93434372 62403279372310155186186155 62 31186 31434434186124 93434279 31  0434186 62124217279434186403 62124217186186403155403310217434 31  0403248217310 93186124341403124 62
217  0 31 31434248  0248124217217341372372279217124  0 31155434 31124279124 62155217  0 31 31217 31 93 31248341 31248217  0  0 93155372372372279403155186124186 62155 62124310 31124372 93 93155186124155279372434 31403186155 93124279217155434155 93310 93155217186279 93434155217 62  0124  0155310279279
 31 93434217  0279 93279 62248 31434 93341 62  0341  0 31186  0186403 62217279310124341341403372434155155434434248 31248279 62217372155310403 31310186434310403124155372434217248310 93403248 93 93403 62 93186 93341217372124155310434310 93 31 31 93124186217 31310186248 93279341279 62434372217279  0155
124124403 62248310124434372217217155 62341124310372434248155310279279124 93248248310279 31248434155403248155248372341372341310 62434217186 31341403 31279  0341 93341434 93124 62403372310372279  0155186  0279 62372155403434341372403372  0 93434279 93 62124434 31248310310403  0372310279372217 31372 31
310279186  0 31 93124186217155279186434124  0124310 62124372124 62372 62124434434341  0124372 62155310 93403155217124403372155341124 31372  0 93186124 31310403155372 62124124403341248 62434155372 62124 93 31248 31434186124 93217 31310 93217434124 93372279217434186341124 62341186 31 62310 93186403155
186186341372341186372372 31  0372217341  0124372434310 93341186186434372217 31217 93434403  0186341 93310217279434372 62186279279279 31155217  0217310 93403248310 62 31 93 31341 93186 93 31 93186 93310217310434279 31  0310341 31217310279434155124124434434403217310434310403186403186 31124279 93341341
 93372403 93217 31372434341403155248 62279434279434186341403248279341186217124 62248248155155341 62310186 31341 93217434248372217 93403217372372155248 93434279186372248341  0 31341155186217  0248155248124 31 31 93279155 93372341 62 31  0217 31310403310 62341310155341372 31248310  0  0124372279  0403
 62341  0434434372310 31434341  0217403434310  0310155372403279155403155372434 31310  0 31248 62372248 31 93403372341124  0372341403341186186186372310341403 31279 93403248124248248403279 62 62279124186217248 62 93  0186  0155 62403 93  0 62434341 31217403124155403 31186434186217 31  0 31372186 31372
 31124372434124310 62310403 62372124186403341124310279279 93217248 31434310 31  0434  0 31372248403 31217279341 31124 62341279186 62434310403 31124217341341248372310 93186 62 62186341186186 31248403310124217217403 93 31155155  0217310 62341279403434 62 93 31372 31310217217403403155434186310310 93 62
 62 31155 93403 62310155372124248434310434 31403217186434 93403403 31341310 31310155 93155248155403403  0372248 62279155217310341 62 31155217279341403372279 93155372403403434 93 31124341403 93 62155217310248248217  0310124279372 31 31186372186310403279217 62217186 62310434403434155248 31310  0 93310
279 62 62341403341248434124186 93310 31 31124 31341 93434155434403 93155310372403186124 31248155 93341 62 62217310248124 62372434310155341341 31434310186155 31 62310341434248279310 31 93 31372434 93186403155434 62434 93279310279372403 62341 31279 62279341124372 62155217372186 62155310248248 31186434
248 31155341 62  0155434186248 62434279341  0372 31372186403124310124186 31  0434 31248403  0 31186403403248155310434341310 31 62124403 62248186  0434124341310  0 93 93217279124 31434372279155310434155  0310124124372403186279 93 31 62279 31279155372341155217434403279 93186248  0  0186310  0 93 93 62
248217186403403  0 31434 93 62217124217372  0124124434 62155279  0186310248372372248  0  0 62  0434248403403 31186124341248124  0217 31  0372372186186 93  0217279310  0403  0  0403217279186217279124155310 93 31186341155186341403403248341124434434155186248217403186434403341217217 62434 62434341372 62
372341155310279 31248  0 31124124 31310 31434310 31403248  0341155217341434186403155279 62217434155155279  0403279  0  0186341 31248155  0124186155372403 62279186155 31124310186186372186155310 93186 62 31  0279 31403372279217 62 62 93  0217217434 31 62372186310248 31 31434186434124248 62310310124 93
124372248 31434217341 31310341  0 93 62 62372434  0217  0 62  0434  0217341248279186310155 31434310 62217279279 93 62155217 62  0279124372 31372341 31434 93  0186 62341186124310 31279 93  0341155434372217310434124 62279124 93403248124 62341155 31186403434279 31155403 93186434217403341124155248341  0
  0217 62279341155434341 62 62217434310434372 62  0186217403279186372248341  0155 31 31 31248 31 31 62 62372  0 31279 62310248 31186434186248434372217372186403 62  0 62 62155310310403124341434186403124186217155248 62403 62  0155248  0124155248279341403341 93  0155  0 93 31186217124155155310 31372 62
186372341372434124 62434124403124372217248 93 93341310 31124403 62310155186217341 31279  0310217372434341124 93155 93217124  0372341248  0217341310248  0279310 62186248310279 62341279372310434341217310434372155434 31155341155155341372 62403155279217  0372186  0434  0 62310 62  0155248 93124 93310279
  0279310186372217 93  0124155403279  0403 31124341 62 93341341155155 93 62403217217248279 31 31 93 93217217341310217217248372 62  0310310341186124434310 31341217124403403 93155186372403434217279186434372279403124279341403 31403 31372155155341217403217434310372372403 93341 93248310310279279 62186310
  0 93341341248372310279279217217155186372124155434 31310403341403248372248 93186279372155124403  0217 31248124341310403310279310 31403434217403248279 93341217341248217186217 62124372403 62372186 93372310217217279 62248124124217341 93155341124248217341124248 93 62  0372186124341248 31279124155124341
403155155403 62 31155155124310248  0310  0341186  0217279217124217341217 31124 31372310403  0  0 93155403372217341 62 93403310124279 93217217 93434 31341341279434 93 62124155186434 93186186186 93124341 62217403403186 31279  0341 31217186248 31279124 62279217341155372 62124217  0 62186 93403 62403186
217341372  0155372341403341 93186124124 62403403310279 93434 93434217310 31403434  0  0124403217  0310248372434341310 62434279217124341155279186217155186310124155186403 93372155310248 93 62248403 62155124434217186155 31403 31403341 93341310248279372124434310 62 62217434372217 62217  0217 31372 93217
372310155403  0403 93 93 31  0403 31 31341186 31186  0310186  0248403279217186279248 93372248217434403186  0341 31 93155248279186310155124341341155186 62372186248186403434217434279372217 62341372  0 93248 31434403310248372155155 31248 31186186341 93403341 62 93310 31279124403248186310155186155186  0
124341310124248217279310217 93248403186124 93 62403434372434248248155 62217217217155372403155279310217403310186  0372403310403124 31279217 93217186217403  0  0 93279434310248155  0434 62279 31 62434341248186279217 31434341 62248310372217 62124155279372 31310341 93 93248 93 62341372 93403124217403310
248155124217248186217341124434155  0341434372372 31 31 31124279124434372279279 62155248 31  0 31186124  0217 93217310434186  0434310186124217217372  0 93186155 62341186124403341372434 93186403  0186372 93434217 62372217248217403124217372 31217  0  0124310341310434279186 93279 62279434 62 31341155217
 93434341310434341  0124 93372372310124372  0186  0 62372310279 31341341 62310403 93186310 62 31 31434341  0 62 93341155217 31  0341403217310434310217 31341248124434341434124186372434 31403  0217 31217279341341434 93372186186310186 31 31248279279124279155 93372341434341248403124403155341186124372 62
  0 93155372279124  0217155248  0186310341248  0186155372155248155310372341217  0 62372372155372  0 62 62 62186 62279124 62 62 62372403310403372248310 62248217155186 93372186403279124310434341372 31403341310248217372 62279310217372248124372310434155 62124 93403 31 62341 93403186279279310 62248403372
248155279 62217341279124341434248186155155 31279279186 62 93 62372 31  0186 62 62248 62 31372 62403434124155310434 31434155279372310  0403341 31124155341403 93372155 31186  0310279248434 93186403248372 31434403  0341  0372403  0 93 31248434186124155279248 62341434 62403  0310372341 62 93341186124 62
341124403341248 93 93341124341 93 62217248372  0310  0217155155434217279310 31372186217 31248124372403217186 31341279372434372  0217372124217  0341186155248186124 62248186217  0155  0  0 31403186279124434155155372341 93124 93217  0 93217 93279124341217279155 31  0372248372403  0434 93186248217186155
124310 31217186155  0186  0434279279124372 62403 62 93155217 93 62372 93 31  0310 31434248403 93 93  0 93279372310217372279 31186403403  0 93217310248434403 93 93279341 93341403279124341155217 93248248  0 93  0124124248 93 93403 93186372186217124341 62217155403 93 31 93372372217279341310 62124 93372
341217 62341 62155 31403 93434124 62 93217124310403310155186403310124155124  0248217372 93341  0310403372155310403 93186372434248217186155310341  0  0 93403310434341  0434124434 93217 62124279 31 31186 93186279 31341248 62 93217217155 93434186403372248372  0  0124341434217310279341372310124 93155341
155217434155279 62372248248 31217186434341434124124  0248  0186  0 93  0124  0 62248 93  0341  0217310186248155 93248155341217341 93 93 62217217 62  0  0 31217 93248341310341372155 93  0186310341372310248  0310403124 62 31217372 93434372186186372434403217217 62 62310186217403186403  0279 62 62 62310
372217434186248186124372372 31310 93155 31 31372248310434341 31403279  0372 62 31434124124279279 93  0  0372186341 31 93372341403 62372  0434372 62155  0341124310341248124372434248248 31279372 31 62 31  0403279 93341372 62155 31279155403 93 62434434186 31310186155  0186155248434217372  0279155  0217
434341310341155 31372434403 93 62  0 62 62434310124155217124 93124155 62341279310155  0310155434186  0 93341 31  0 62434 93372217372186186434310 93186217434341372248434403 93155403434 62155372 62248 31341  0310 62341217279  0403217  0 31341403248310 31372 93 31 62434403 31403  0403 62279186310155403
186248279403279 62124 62279155155217155217 31279 62279341 31217124186434 62279248  0124434434 62434  0248248 62372 62341279217124186434372217 62186 93 93403  0310124 62341372 93217341279310 62279 93 93372217155248 31403124434372 31186434434 31310124 31372248341248186434217279  0 62372279372  0186341
155217372310341341248155279434124341279279372186 62248186  0434434310434248434 31403186434279341186434434310 62217  0372403341248248372372186  0403155  0372341 62124124 31372279217341341341 93310310403124279155 31217248 31217186434186186372341403 31217248372 93279279155279403 31372 31341434186  0248
 93279217341310  0 62 31403  0155279186434248434 93 93  0155248 31 93279403341372372279155372372186155  0 31372 93310310310  0341248434341434 93434217248  0248 93 31434434434341248341279372 62186372310 93217155155 93186 31 93372372 93217 93310217 93310310155279 31341403279217434186279155124124  0 93
 62155186  0186 62372310155372403217341 62 62217217124248310 62310 62 31248 93403372434403 31 31 93434 31 31248186341155 93279372186 93217403 62341434372155 31186403279279341434279 31217310124186124372217310248372155279310341403279 62217372248155 62279 93217 93403 93 62217124279279  0248155372  0  0
372124372186186 31341  0 93341124 93248403372341155  0279  0310248124341310341124  0  0341248372 31372341217403434  0248310124341310 93248217248 31248279 93 62155434124279341124279434124434  0 62 62  0  0 31  0 31124341372434434403403  0434217279279279186248155217341279279341186248341248310 93  0 93
310 31217217186434186124372186 93124217372155186372310403279372217155 93217248 93279124 93403434372372186 93341403217 31341 62372341186 93279310155217341279217 31372186 62217 31186 93186155  0 93124310217279279248155 93155248 31  0 62341186 62248  0279 31155217310124248 31217434434434310 93279 62372
310 62279403434 93434  0372 93403434341155  0124 62248  0217 31 31186248217186 93 62  0155186341434 31 31403341 31155248124310248217248248341 62248341 31310155248 93372434186217186 93403279 62434341217 62124403341  0  0341217248341310341155217372217124155 62248341248  0 93 93434372155155  0372248341
 62341341 93434310341310186434217155124434279279 31279403 31310 31124 31155 31186403186186279  0 62186 93 31 31217124434403341124 62 93155372124217310403 62 93279310  0341248403279  0248279279186155 93434372217434310310310403403248 62310  0124  0 62434279124434155372155434372403 31434341186 62310310
279 31155341372310 62155124372155  0372434434403310186124217341310372 31341341372279403434124434248 62310155372124 62279248434 31155155248341  0434  0217 62 62124310186217434  0155403155341186434434 93341 93372372372341434279248217155248403372248217  0372 62403372 31403 62186310186155279155248403248
403 62372279248217310  0372 93155310341372 62 31186  0403217155217186248403341279 93341434124279 62 31341310248186 93403279  0  0403155 62434341279372124186124 62434 93403279403279248 62341 62124217403372403248310434248 62124403124 93310155217186372124248341434403372372217403  0310  0341 62403  0217
403 93434217155 93372310217434217186155124310155248279 93155434 93310186155341 62248 31 62217  0155186434341310341403279341155217248 62 93434310124279217310124 93 31310434310310217403 62217310 31186403 93310 93124186279341434 93186155403341217372186 93  0  0155186310  0434  0310403341341155 31434  0
155 93403186186372279403310434279 62 93217372124217 93 62 93 93248 93155217186 31124  0217341155 62279 93279403372217248 93248 62186  0  0 62  0310372 93403155403124372372372248372155124279434403372248124 31  0124341  0217 62 31434372 31279279341434434 31310124155  0124279155279 93341434217155 93  0
372248341403217186434403 93217434124310403310 93 31186279 31341310403372186279341403186217186124217 62 62186  0248124310217 93434 62248310372 31 31403 62124279217 31  0279403155  0372341124124186403310186186186 62155 31 31434279 93372341155310155279124155341124434 31310434403403341279124279341341248
 62403403 93186403124310310217217372155 31279310124403279372  0  0 62186 93341310403434186403248341341341310 31248155341217372 31372155310217 62  0248434248 31 62434124155279279155248217403341124 62186155 62 93279279  0 62217403372186  0372217434155248248341124434403434341403403 31279279 93248  0372
341 31217372 93186 62217372 62124341248 62341 62403 31248 93217341 31155372341  0248124217155217  0372341310310403 62248  0186341 31  0248310186279 93279248186341155 93434155 93310124279 62341403434186279372248279155217155186217403 31403434341  0217 62341403372 62310 31372217 62186 93  0372310 31310
310 62217 62248155310403403  0155279217124 93310279217372155248 31124310248434 93155279341217372434186434434341 31124 31279279 62 31434155372248155279155403 93 31 31341 31341248 62217 31434403434434372341217 62124 31 93217 93279124217310279 31217  0341279 31217 62124 31124 93279124 62248310186341 62
  0 31341124  0186155124403  0434186248434 93279217310341 93 93  0186124341248155403217 31 31217279124 93279310279186248 31155434 31341 62310310155186403  0434124155310155310279124 93 62341155186217186248248372 31279279217341155310403  0217155155217124310372186217217217341 93 31434248434403434217186
372248248186 31124124 93 62341310434 62 62310124217 62 93186 31186279 93155279 62124279310 62403310310341 93434217403279124  0  0403310341279 62155372248186310310 31217124124341155186186 93 31 31217372248434310279310341279248186155279248 62403248 31248310 62 31217403124372124310248403372  0310155186
372186 62248  0 62186403372186  0310217248341 62341372279 31 31434403124217341248434403403155310124217341341310279279434 31 62279248310372 62403279124  0 93 93403434 62 31217 31186372186248248434341124 31186186  0217248 31217310434 31279  0155 31310248186279310434 31 93155403310403186 31310341279 31
 62 31  0 62 62434372248217403279403186124403124186 31 93217124248186186434372217 31  0248279279279 31341124  0 31372217434403372403310341 62 31124186248248186186217155341186403341  0217403279248279403  0 62 93248 62 31372217 93  0279124124  0155155434341372341434 93310341310 62 31372341 62 62341155
155341434434 31186 62 31  0434186248124 93217217  0 93217310403310403248341310124403372217310310341279279124  0 93155 31 62341279403434 31186186341155279310217217310310 62434  0186403341 31 31155 62155186186 93434248186  0217403248155124124 62155186279372 31124186217341155403217186186155279124 93217
217 62  0403279434341 62341248403403403155434 93403 93279403  0186341434403279124434403217403155 31155124 62155217124248  0 93217186  0186279155 62310 93279 62186248217 31155403434124341372403 31248  0403  0372217248217186434217372  0124186 62  0  0124186 31 93217403 31434 62124341217403124248341341
155310124124 31310341186 62217372155217155279186186155155341186124155 93217403 31 93403124  0310  0341434248434 62434 31 31124186279279248  0217155155 93 93 62248186279403434155 93124372403341248124124434403124 31  0248434279279434 31 31124403341248  0341186 62310186217403310124124186124  0 62124434
186372434186341  0217 93 31248434434124217  0 31434279 93372 31248217372124155 31155217372341186279310124403310372 31 93372217 62279  0279 62186 93155 93341155 62  0 62217279217186186 93372 31155279186217186434310 93186372372403434186124279341434403279248403341217217310434434155 93217310372155279310
124124186310248310279217 62155279155372217434372155 62155155372124341 62434310124124  0403434124 62155186 93 31217310310155124  0 62 93217434279279341434217  0 62 31217372186341372341310 31186248434279 31217341341372248341186341310372372155279 93372 31155155  0 62 93341434  0434217186217217217248186
310341310 93434 31217310155341  0186  0124  0155279  0  0403372186155341186 93310155310 93341155186186 31155434  0  0124341217341 93341341 31403341 31 93  0434248 93155341403310186248186 93434124341155 93 93372  0217155341310248434341186 62124279310124 62403279155372155 93155 93434155248 62 62 93186
434 93403124186248403155372341  0 31186310155  0  0  0403372372 31310  0  0217  0 93279124279248217434403186434 93 93 93434 93155372155 62155186 62 93310186124372217372124434  0403 93 31217 93217372279186  0372310186248217124403279 31341124124434310  0341 62372 31279372186372155403  0372310 31124 62
434186279217403155372434186 31 93310217434310 93248  0341 62372 93217310248434217341 31 93155217 31434186186341310186 62341279124 93  0217434279217 62 93341372310186186310434279 93 62434310124186248310 62 93 31155  0 93279310 93 31 31124  0124248372 31 93 93434155 62248248372  0310 31186 93 93248217
372403434217  0 31310248 93  0279434  0186217 93279217 31124217279 31217155279403  0372217217 31372186248372  0124403 93341217279341155 31186434  0217 93248279124217186403403186 93155186124279124403217124279372217155124248248279310186  0 62186341310  0217310403403248124 31155 62372434217310403341341
310341248434124248  0186  0 31279186372124403124186341 62434217310124310248124 62310 62403217403279217124186 31155372 31403186434310 93372186279248 31 31  0341155 62341 31124217341310186 31341155372 62186 62  0434217403403279 31310 31341310279372341155279155279 93310248186372186217248341341 93 93434
 93279403 31248248310310 31186186310310279217341434 31186 31279372403  0341217372248 62217434155 31372403 31372248372403186 93248248372 31155 93 62 93155124248 93341124 62248124124217310 31 31248  0 62155  0186124217279124217403155124 62  0248217341 31 62217372155 31 62 31  0372 93 31372310341310310
 62186279124310 62279248186341248186310341217403 93372310341434 93372 93403155 31248 31 93341341279372217124186 31124403155124341  0  0341155124248217  0217 93372 62 31310 93310 93186403434217310403124 62  0248217372403310124403186 62279434279310403124434 31186279341248403310186124 62248 93186 62310
217 31217155372341310 93403155 93  0  0 31124434279 62 31186310186 31248310 93 62155 62124217279403186434310 93 31403248186248  0403 62155155341217186 62310372 93 93434434155372 31 62124310  0341 31310186 62  0434 31279  0434 93372124434341 62 62186434372310186341217 93124279434186 31 62434 93248 62
341  0310372217279  0341186434217248248186  0186 31186279  0 31186 62  0372 93 93372434 93186310310248217 62 62217155  0403403279217124279155372217186372248372434  0 62310 93186279434372124279155341124434310279  0248434 31  0 93 62372217279124372 62248341 62310186403 31217372155341403 62434 62279 31
124 31310 93 62 62434124  0186403341310217124217 31  0155434248403 93186 31 62248248341279279217310341341124434 62  0186  0403 62341372403 93434155  0155434403279372217 93372  0186217279434279403310434372372434310372155124248 62 62 93248248124434434279  0341 31 93248 31279217 93248 62 31310248155217
217  0372124341372434403 31217403372403124186403217248 31248 31 93  0341341279124434 62279403 62 31310186372  0155 93248155248155 93403 93 62155 93310403155403186248 62  0403 31310434434372 31 62 93155 62279  0 62186 31217279434310 93341434434 62341124248341186  0279434310 31186217279248 93434 62124
217124310248 93124434403248310124434124217 93124124 62155155 31217186217217  0217310217279434186155279434248403155434403217310372372310 31 31186 93403 93341186310124403 62 93  0 31155434217310  0403341155310 62124 93372248  0434279248155124217279248155341124310155217310434372279186  0279372341434434
155310 62279124279279155 93186 62310217310217 93434 62 31403372  0341403403 93434 62434155 62341 31124155372434434279279186341341155403 93279124155 62 93279 62186434  0279403 93  0310155341 93 31 31  0217248310 31186403372341372217372 31124434341403 31 62372279 93 62124 93403 31186 31 62  0279310  0
124 93186279248279403  0434217372403 93 62217403  0 31 31279372372217403310 31  0310310 62310186403248  0186310186403279403310217 31155186186155434  0186341372186279434217 62310279341372217279403434217248155403 62 93  0 31155155  0 93 62434 93279341  0  0372  0434186 62  0 93186217124124186372124372
310403  0 62217372248217 31310186124341279372 93434124 62155403279248341 31155248248 62372372124 93124186310279186279310279  0186155 62310279 31186 93186341403217248186372 31186186155 93310  0  0248310279217124341 31372279186434155217217 93341403217 31372  0217 31248434217155279279186279310248 93 62
155434 93 62279279248186 62  0 31155155248403310  0155341  0341124186403403124434  0372 93 62 62279155341310217124248 31341 62186 62310124372 93 31  0 93155124 31310310155279310310124155372434310 31 31279372 62310279124248 93186124217279403217155 93372186403434372434 31217124186341310279124341 93 62
155434341279434434248341403 62279155217124279186279248 93248310 62372248155217 62310341186372248372  0310 93186 93434124155248279155124124341403124186434186  0341  0372341 62217434  0341217372341 62 31 62155217186 93 31248  0372124 93341248 31310217248403217155 31 31403  0 62279  0186403279434  0217
217434 62  0217279372341124  0341155 62 93155 31 62310279341  0310403 62 62341  0 93 93217310 62186372 62403403186 31 62434155217 31  0372 62310  0372186  0434341 62248217279341310 62434372248341186434 62155217124124372124155155 31  0  0248124186279310 62 93 93 31403186124  0155248  0279217434341372
434  0248341124403248403155248186279186217341  0 93186279 31403403248 93403248124372  0  0279434248279310124248341279155124248217 93  0 93 93 93310372341248 62124 93248403  0155155  0217124  0 31186155 31 62186217434434434 62217279155 62124310434124124310  0372  0  0 93155217310279248341 31155403 93
 93372 62 93341341310155 62124 62124 93186248434403186186403279372403341186403217434310372310403279124 31372 31 93310310248372434 93310434279 31155 31434186403372279341310279 93155186403124248 62372372310248217155248341341341434341186  0248434434217124124 31217186310310372279248248 62 93372434155372
434341155310217 62279310  0279124434 31341310372124 62 93  0403217 31403217 93248155279434 62248310  0341279 62372372279434 31  0  0124310124248372217  0 62  0 31 31217341 31124403  0434403 62186279124248217 31279403279279155403341279403248 31186 93248217124248341372124279403 93217  0 31 62124279 31
372310434186124124124  0403310 31186 31124  0  0  0248341372372155 62248403 93279217434341248124186434310 93310217310  0 62341186 93217403 93217186  0372341372434124310 62155 62279248 62403  0 31  0310 93217155 93279 62 62124 31  0  0279434217186310124155186  0  0341279 31155372186372155186217279434
124124  0403186155  0434372 31403124217  0  0124186217341279 62124186434310 93341279 62155248217310  0155248155372217279403372403155372186 62310403155155  0310341186372217 93186 31248186248310217186341124 93310434 62248124434372310 31248279434155 31279 31248186  0 93155 62 93341 62434 93248 62248124
372434186372 93372310186186310217155  0  0434248248372 31 93 62 93217186155403279186  0279310372  0248 62341155124279341186 31 31186 31217186 62372217155186 62372372248310434186 62  0 31217 31 31279124186155403310341434 93279217341  0279  0  0217403 62341341 62434 62248 31 62 31248310 62279434 31434
372341310 93434124341 62372372 62124341 31186248124 31434186279217  0 93248 93155 62 62186279217279341 62279248403341155 93186 31186217217186 93248155 31310403 31403186341310  0434279279403 93403  0124186186 31 93279217124217186 93434 31372124 62434279310124  0217434248403  0 62 93341  0 93  0403 31
 31 31 62  0155310403 31279434403403248124248341248  0 93434248248  0 93341341310186341279248155 62 62372  0372341 31186 62186372 93310155434 93372279279403 62279 31155372 93 93279372 93186217186 93217 93434  0310279186217372 31124341341248155155186434217217124124341217403  0341341434279  0186372186
186434  0124403124155279  0248 93372186279341403279217 62372217248124310124124124341310 31 93279248310403186  0341 31217124341155 62155248  0186248 93 93  0 93248 62434372186341434434434248434 31434186 31310434 31186310403279217186 31434186341279186434 62  0434186186 62403403 31403372279372310341434
279124403124 62434124  0  0 93217124124155 93434186279155124341310 62124279217434403 62 62403372186 93248248279124248279217217403124403279 93124 93  0248217341 93341155310310 93124372248 31 93 93 62 93372186124434186341124310279403155155279155186 31248279372155341  0 31  0124279279  0155 93 93 62279
217 31217341186279155341434 93155372279403155310341341403 93372403217403434217 93 62 93403124310434 93403372403124279124434434 31248403434 93 31 62248341186186 93124403 93  0217186403341248372217217 62155 93341 31 62 62 93 62217279372  0341155341 62 93217403 31310403279248 93372 31 31124  0310 31 93
186 93372248403434 31217 93 31310248155372372372310155217 31434  0124124248372248279217 62124403155 62434 93248  0 62372248372372403279279 62341  0279372186 31279310310186341341434403  0124310279 93155310310434434341341341 31372403124  0403155155341217434434279155310155341  0372248 62217341217279434
186248310279341341186279217186434403 93 93155 62 62186  0124341 93124  0341403434  0372248434 93248 31124155124310186372248186310124279217186 93155403217 31 62 93 31403 31 31403403 31124248310155372217310434403217434341279 93372248 62  0403  0434186 62 62434248 93217403248279 93 31341  0155 93310124
248279341372310434279310248 62  0279 31403 93124403 93434372 62248403372 31279372217124  0 93155 31186 62124403341434186403  0  0  0403341341 93434310 31 31310186155124 31 93 93372310186 62341155341217 93248217279403434 62155124403248248372124 31186186217341 62  0186155155 31124217155279124372372124
341186279310248  0  0403248  0341124248 62 93217403155  0372341155403  0372310 31248248403124124341434217372186434310186186403341434217186403403341403310434 93248186248124217248124372403  0 31124217403310186  0248372186124 93403 62 62341186  0186155124  0124372341341372  0 31310  0 62186  0217248186
434 62341155403434124 31 31  0217279217372155434 31 62 62155186279403 62 31  0  0 31434279  0403341341124279 62  0 62124  0279155434434310155217124434124310248 62124 62279155 93  0434310434 62186310 93279310186155 62  0310279186372186434 31186310 93186403248248434155124  0124434186403403 31 31434 93
217124372  0186186186310155372 93 93248186 31186434 62372124186372  0372 93403 62341  0 31434434372372434 93310186155217 93248310 93  0124279186186217 93124341 93 31217279124 93 31155310  0 93434217403279155124279248372341124124  0403341186372434310 31279124248 93  0341124372186372217155124186217279
 62248279186124403341372124434310248403186 31434 62279 93 62403434434341341217279217155248248434 31 93155155248248279124434155403372 93186372155 31217217186186403 62310372341279 62124 93 31372403434310186434124341434279 31 93372217217279  0434 31186403217 31  0124372279217279372  0186310434 31279186
403155155217403248372155 31186186217  0124155217155155 93310  0 62341124 93 62217279341 31  0 31186155248341186372 31217124434434341341372310 31 62403 93279 31434186341279403372155434403403372310403248 31341 31  0217248217 93124124155372403 93 31  0341  0186217279124372186310310124434372 93434186186
  0403403  0155248341 31403279  0248 62217155 62403124124279 31 62341 93434310248279279434  0 31372155279310155155341 93434 93 93 31310248341  0155217 31403279372279  0217 62279248 31 31 62155186341217341 31341186248434310 31 62310372279217341341186403248217403248279248 31 62 31 93217  0434217341248
 93310 31279372 62 93217217403217 93279403 31 62155217 62186  0124248248434217248186434372434279217217124124 31217 93248155310124186  0372 31372124 93 93341217341155434124403372310310341155279310279403341248279372186124248372155155403 62310 62186403 31279 93  0155279124 31341  0403403 62434 93434217
372 93403 62341341434 31279 31 93 93434 62155279372372186403 62217 62279372  0372341 93 93124 31403 62310279155279 62  0 62403310 62217  0 93124155 31310434279372248186372372 93  0217434 31372 31 93186434372 31186  0434 31279186279124 62434155372155186279155155403310  0434 62434217  0217341403186  0
434372  0155434 31341248155434434 93 93124279155 31434 93341434279186155279403403372341341372 93279155248  0186372  0124341434217186310 31341341248217  0434248186155 62124 93434217186372310  0279341  0  0248  0341341186 93 62248372186372155155372341403 93 31 31434341217186 93124 62 93155403341403403
 93279279310403 93310 62279217434434124310403434372186403  0403155 93310434434  0124310403279155248 93217403186 93  0248310186217217 31372186155 93372186 62279279372  0248124341310 93155 31 93248  0 31186 93248434434434434403  0 93341186217248124 31279403155279434279372 31372 62279  0 62310248279403
